<?xml version="1.0" encoding="UTF-8"?>
<testsuite xmlns:xsi="http://www.w3.org/2001/XMLSchema-instance" xsi:noNamespaceSchemaLocation="https://maven.apache.org/surefire/maven-surefire-plugin/xsd/surefire-test-report-3.0.xsd" version="3.0" name="com.example.authserver.AuthIntegrationTests" time="16.786" tests="2" errors="0" skipped="0" failures="0">
  <properties>
[...]
</properties>
  <testcase name="testLoginSuccess" classname="com.example.authserver.AuthIntegrationTests" time="1.773">
    <system-out><![CDATA[
  .   ____          _            __ _ _
 /\\ / ___'_ __ _ _(_)_ __  __ _ \ \ \ \
( ( )\___ | '_ | '_| | '_ \/ _` | \ \ \ \
 \\/  ___)| |_)| | | | | || (_| |  ) ) ) )
  '  |____| .__|_| |_|_| |_\__, | / / / /
 =========|_|==============|___/=/_/_/_/
 :: Spring Boot ::                (v3.1.0)

2025-06-27T01:37:52.384-03:00  INFO 1484 --- [           main] c.e.authserver.AuthIntegrationTests      : Starting AuthIntegrationTests using Java 17.0.15 with PID 1484 (started by Rafael in C:\Users\Rafael\Desktop\jwt-auth-api-final-resolvido)
2025-06-27T01:37:52.390-03:00  INFO 1484 --- [           main] c.e.authserver.AuthIntegrationTests      : No active profile set, falling back to 1 default profile: "default"
2025-06-27T01:37:55.412-03:00  INFO 1484 --- [           main] .s.d.r.c.RepositoryConfigurationDelegate : Bootstrapping Spring Data JPA repositories in DEFAULT mode.
2025-06-27T01:37:55.543-03:00  INFO 1484 --- [           main] .s.d.r.c.RepositoryConfigurationDelegate : Finished Spring Data repository scanning in 107 ms. Found 1 JPA repository interfaces.
2025-06-27T01:37:56.844-03:00  INFO 1484 --- [           main] o.hibernate.jpa.internal.util.LogHelper  : HHH000204: Processing PersistenceUnitInfo [name: default]
2025-06-27T01:37:57.103-03:00  INFO 1484 --- [           main] org.hibernate.Version                    : HHH000412: Hibernate ORM core version 6.2.2.Final
2025-06-27T01:37:57.109-03:00  INFO 1484 --- [           main] org.hibernate.cfg.Environment            : HHH000406: Using bytecode reflection optimizer
2025-06-27T01:37:57.633-03:00  INFO 1484 --- [           main] o.h.b.i.BytecodeProviderInitiator        : HHH000021: Bytecode provider name : bytebuddy
2025-06-27T01:37:57.962-03:00  INFO 1484 --- [           main] o.s.o.j.p.SpringPersistenceUnitInfo      : No LoadTimeWeaver setup: ignoring JPA class transformer
2025-06-27T01:37:57.994-03:00  INFO 1484 --- [           main] com.zaxxer.hikari.HikariDataSource       : HikariPool-1 - Starting...
2025-06-27T01:37:58.354-03:00  INFO 1484 --- [           main] com.zaxxer.hikari.pool.HikariPool        : HikariPool-1 - Added connection conn0: url=jdbc:h2:mem:testdb user=SA
2025-06-27T01:37:58.356-03:00  INFO 1484 --- [           main] com.zaxxer.hikari.HikariDataSource       : HikariPool-1 - Start completed.
2025-06-27T01:37:58.392-03:00  INFO 1484 --- [           main] org.hibernate.orm.dialect                : HHH035001: Using dialect: org.hibernate.dialect.H2Dialect, version: 2.1.214
2025-06-27T01:37:58.684-03:00  INFO 1484 --- [           main] o.h.b.i.BytecodeProviderInitiator        : HHH000021: Bytecode provider name : bytebuddy
2025-06-27T01:38:00.134-03:00  INFO 1484 --- [           main] o.h.e.t.j.p.i.JtaPlatformInitiator       : HHH000490: Using JtaPlatform implementation: [org.hibernate.engine.transaction.jta.platform.internal.NoJtaPlatform]
Hibernate: 
    create table users (
        id bigint generated by default as identity,
        password varchar(255) not null,
        role varchar(255) not null,
        username varchar(255) not null,
        primary key (id)
    )
Hibernate: 
    alter table if exists users 
       drop constraint if exists UK_r43af9ap4edm43mmtq01oddj6
Hibernate: 
    alter table if exists users 
       add constraint UK_r43af9ap4edm43mmtq01oddj6 unique (username)
2025-06-27T01:38:00.306-03:00  INFO 1484 --- [           main] j.LocalContainerEntityManagerFactoryBean : Initialized JPA EntityManagerFactory for persistence unit 'default'
2025-06-27T01:38:01.930-03:00  WARN 1484 --- [           main] JpaBaseConfiguration$JpaWebConfiguration : spring.jpa.open-in-view is enabled by default. Therefore, database queries may be performed during view rendering. Explicitly configure spring.jpa.open-in-view to disable this warning
2025-06-27T01:38:02.971-03:00  INFO 1484 --- [           main] o.s.s.web.DefaultSecurityFilterChain     : Will secure any request with [org.springframework.security.web.session.DisableEncodeUrlFilter@d8751de, org.springframework.security.web.context.request.async.WebAsyncManagerIntegrationFilter@6e21c6ed, org.springframework.security.web.context.SecurityContextHolderFilter@45430a27, org.springframework.security.web.header.HeaderWriterFilter@3b60be3, org.springframework.security.web.authentication.logout.LogoutFilter@37fc7e3c, org.springframework.security.oauth2.server.resource.web.authentication.BearerTokenAuthenticationFilter@613f48de, org.springframework.security.web.savedrequest.RequestCacheAwareFilter@1500edf3, org.springframework.security.web.servletapi.SecurityContextHolderAwareRequestFilter@3e7fc07e, org.springframework.security.web.authentication.AnonymousAuthenticationFilter@75c30a4f, org.springframework.security.web.session.SessionManagementFilter@3abb6aa, org.springframework.security.web.access.ExceptionTranslationFilter@46067a74, org.springframework.security.web.access.intercept.AuthorizationFilter@26a004ed]
2025-06-27T01:38:03.679-03:00  INFO 1484 --- [           main] o.s.b.a.h2.H2ConsoleAutoConfiguration    : H2 console available at '/h2-console'. Database available at 'jdbc:h2:mem:testdb'
2025-06-27T01:38:03.804-03:00  INFO 1484 --- [           main] o.s.b.t.m.w.SpringBootMockServletContext : Initializing Spring TestDispatcherServlet ''
2025-06-27T01:38:03.805-03:00  INFO 1484 --- [           main] o.s.t.web.servlet.TestDispatcherServlet  : Initializing Servlet ''
2025-06-27T01:38:03.808-03:00  INFO 1484 --- [           main] o.s.t.web.servlet.TestDispatcherServlet  : Completed initialization in 2 ms
2025-06-27T01:38:03.868-03:00  INFO 1484 --- [           main] c.e.authserver.AuthIntegrationTests      : Started AuthIntegrationTests in 12.664 seconds (process running for 15.223)
Hibernate: 
    select
        u1_0.id,
        u1_0.password,
        u1_0.role,
        u1_0.username 
    from
        users u1_0 
    where
        u1_0.username=?
Hibernate: 
    insert 
    into
        users
        (password,role,username,id) 
    values
        (?,?,?,default)
Hibernate: 
    select
        u1_0.id,
        u1_0.password,
        u1_0.role,
        u1_0.username 
    from
        users u1_0 
    where
        u1_0.username=?
Hibernate: 
    insert 
    into
        users
        (password,role,username,id) 
    values
        (?,?,?,default)
Hibernate: 
    select
        u1_0.id,
        u1_0.password,
        u1_0.role,
        u1_0.username 
    from
        users u1_0
Hibernate: 
    delete 
    from
        users 
    where
        id=?
Hibernate: 
    delete 
    from
        users 
    where
        id=?
Hibernate: 
    insert 
    into
        users
        (password,role,username,id) 
    values
        (?,?,?,default)
Hibernate: 
    insert 
    into
        users
        (password,role,username,id) 
    values
        (?,?,?,default)
Hibernate: 
    select
        u1_0.id,
        u1_0.password,
        u1_0.role,
        u1_0.username 
    from
        users u1_0 
    where
        u1_0.username=?
]]></system-out>
  </testcase>
  <testcase name="testAccessProtectedWithToken" classname="com.example.authserver.AuthIntegrationTests" time="0.572">
    <system-out><![CDATA[Hibernate: 
    select
        u1_0.id,
        u1_0.password,
        u1_0.role,
        u1_0.username 
    from
        users u1_0
Hibernate: 
    delete 
    from
        users 
    where
        id=?
Hibernate: 
    delete 
    from
        users 
    where
        id=?
Hibernate: 
    insert 
    into
        users
        (password,role,username,id) 
    values
        (?,?,?,default)
Hibernate: 
    insert 
    into
        users
        (password,role,username,id) 
    values
        (?,?,?,default)
Hibernate: 
    select
        u1_0.id,
        u1_0.password,
        u1_0.role,
        u1_0.username 
    from
        users u1_0 
    where
        u1_0.username=?
]]></system-out>
  </testcase>
</testsuite>